2019-02-20 20:41:22,117 INFO o.a.j.u.JMeterUtils: Setting Locale to en_EN
2019-02-20 20:41:22,139 INFO o.a.j.JMeter: Loading user properties from: F:\tools\apache-jmeter-5.0\bin\user.properties
2019-02-20 20:41:22,140 INFO o.a.j.JMeter: Loading system properties from: F:\tools\apache-jmeter-5.0\bin\system.properties
2019-02-20 20:41:22,148 INFO o.a.j.JMeter: Copyright (c) 1998-2018 The Apache Software Foundation
2019-02-20 20:41:22,148 INFO o.a.j.JMeter: Version 5.0 r1840935
2019-02-20 20:41:22,148 INFO o.a.j.JMeter: java.version=1.8.0_172
2019-02-20 20:41:22,148 INFO o.a.j.JMeter: java.vm.name=Java HotSpot(TM) 64-Bit Server VM
2019-02-20 20:41:22,148 INFO o.a.j.JMeter: os.name=Windows 7
2019-02-20 20:41:22,148 INFO o.a.j.JMeter: os.arch=amd64
2019-02-20 20:41:22,148 INFO o.a.j.JMeter: os.version=6.1
2019-02-20 20:41:22,148 INFO o.a.j.JMeter: file.encoding=Cp1252
2019-02-20 20:41:22,149 INFO o.a.j.JMeter: Max memory     =1073741824
2019-02-20 20:41:22,149 INFO o.a.j.JMeter: Available Processors =8
2019-02-20 20:41:22,154 INFO o.a.j.JMeter: Default Locale=English (EN)
2019-02-20 20:41:22,154 INFO o.a.j.JMeter: JMeter  Locale=English (EN)
2019-02-20 20:41:22,154 INFO o.a.j.JMeter: JMeterHome=F:\tools\apache-jmeter-5.0
2019-02-20 20:41:22,154 INFO o.a.j.JMeter: user.dir  =F:\tools\Csharp_projects_repos\JMeter
2019-02-20 20:41:22,155 INFO o.a.j.JMeter: PWD       =F:\tools\Csharp_projects_repos\JMeter
2019-02-20 20:41:22,157 INFO o.a.j.JMeter: IP: 169.254.136.157 Name: PC-TALIBR2 FullName: PC-TALIBR2.corp.emc.com
2019-02-20 20:41:22,161 INFO o.a.j.s.FileServer: Default base='F:\tools\Csharp_projects_repos\JMeter'
2019-02-20 20:41:22,167 INFO o.a.j.s.FileServer: Set new base='F:\tools\Csharp_projects_repos\JMeter'
2019-02-20 20:41:22,351 INFO o.a.j.s.SaveService: Testplan (JMX) version: 2.2. Testlog (JTL) version: 2.2
2019-02-20 20:41:22,374 INFO o.a.j.s.SaveService: Using SaveService properties file encoding UTF-8
2019-02-20 20:41:22,380 INFO o.a.j.s.SaveService: Using SaveService properties version 5.0
2019-02-20 20:41:22,388 INFO o.a.j.s.SaveService: Loading file: JMeter_POST_eCDA_localhost.jmx
2019-02-20 20:41:22,450 INFO o.a.j.p.h.s.HTTPSamplerBase: Parser for text/html is org.apache.jmeter.protocol.http.parser.LagartoBasedHtmlParser
2019-02-20 20:41:22,450 INFO o.a.j.p.h.s.HTTPSamplerBase: Parser for application/xhtml+xml is org.apache.jmeter.protocol.http.parser.LagartoBasedHtmlParser
2019-02-20 20:41:22,450 INFO o.a.j.p.h.s.HTTPSamplerBase: Parser for application/xml is org.apache.jmeter.protocol.http.parser.LagartoBasedHtmlParser
2019-02-20 20:41:22,450 INFO o.a.j.p.h.s.HTTPSamplerBase: Parser for text/xml is org.apache.jmeter.protocol.http.parser.LagartoBasedHtmlParser
2019-02-20 20:41:22,451 INFO o.a.j.p.h.s.HTTPSamplerBase: Parser for text/vnd.wap.wml is org.apache.jmeter.protocol.http.parser.RegexpHTMLParser
2019-02-20 20:41:22,451 INFO o.a.j.p.h.s.HTTPSamplerBase: Parser for text/css is org.apache.jmeter.protocol.http.parser.CssParser
2019-02-20 20:41:22,479 INFO o.a.j.JMeter: Creating summariser <summary>
2019-02-20 20:41:22,486 INFO o.a.j.e.StandardJMeterEngine: Running the test!
2019-02-20 20:41:22,486 INFO o.a.j.s.SampleEvent: List of sample_variables: []
2019-02-20 20:41:22,486 INFO o.a.j.s.SampleEvent: List of sample_variables: []
2019-02-20 20:41:22,493 INFO o.a.j.e.u.CompoundVariable: Note: Function class names must contain the string: '.functions.'
2019-02-20 20:41:22,493 INFO o.a.j.e.u.CompoundVariable: Note: Function class names must not contain the string: '.gui.'
2019-02-20 20:41:22,920 INFO o.a.j.JMeter: Running test (1550695282920)
2019-02-20 20:41:22,978 INFO o.a.j.e.StandardJMeterEngine: Starting ThreadGroup: 1 : Thread Group
2019-02-20 20:41:22,978 INFO o.a.j.e.StandardJMeterEngine: Starting 1 threads for group Thread Group.
2019-02-20 20:41:22,978 INFO o.a.j.e.StandardJMeterEngine: Thread will continue on error
2019-02-20 20:41:22,979 INFO o.a.j.t.ThreadGroup: Starting thread group... number=1 threads=1 ramp-up=1 perThread=1000.0 delayedStart=false
2019-02-20 20:41:22,985 INFO o.a.j.t.ThreadGroup: Started thread group number 1
2019-02-20 20:41:22,985 INFO o.a.j.e.StandardJMeterEngine: All thread groups have been started
2019-02-20 20:41:22,988 INFO o.a.j.t.JMeterThread: Thread started: Thread Group 1-1
2019-02-20 20:41:23,020 INFO o.a.j.p.h.s.HTTPHCAbstractImpl: Local host = PC-TALIBR2
2019-02-20 20:41:23,030 INFO o.a.j.p.h.s.HTTPHC4Impl: HTTP request retry count = 0
2019-02-20 20:41:23,034 INFO o.a.j.s.SampleResult: Note: Sample TimeStamps are START times
2019-02-20 20:41:23,034 INFO o.a.j.s.SampleResult: sampleresult.default.encoding is set to ISO-8859-1
2019-02-20 20:41:23,034 INFO o.a.j.s.SampleResult: sampleresult.useNanoTime=true
2019-02-20 20:41:23,034 INFO o.a.j.s.SampleResult: sampleresult.nanoThreadSleep=5000
2019-02-20 20:41:23,142 INFO o.a.j.p.h.s.h.LazyLayeredConnectionSocketFactory: Setting up HTTPS TrustAll Socket Factory
2019-02-20 20:41:23,149 INFO o.a.j.u.JsseSSLManager: Using default SSL protocol: TLS
2019-02-20 20:41:23,149 INFO o.a.j.u.JsseSSLManager: SSL session context: per-thread
2019-02-20 20:41:23,637 INFO o.a.j.u.SSLManager: JmeterKeyStore Location:  type JKS
2019-02-20 20:41:23,638 INFO o.a.j.u.SSLManager: KeyStore created OK
2019-02-20 20:41:23,638 WARN o.a.j.u.SSLManager: Keystore file not found, loading empty keystore
2019-02-20 20:41:24,319 INFO o.a.j.t.JMeterThread: Thread is done: Thread Group 1-1
2019-02-20 20:41:24,319 INFO o.a.j.t.JMeterThread: Thread finished: Thread Group 1-1
2019-02-20 20:41:24,320 INFO o.a.j.e.StandardJMeterEngine: Notifying test listeners of end of test
2019-02-20 20:41:24,322 INFO o.a.j.r.Summariser: summary =      1 in 00:00:01 =    0.7/s Avg:  1203 Min:  1203 Max:  1203 Err:     1 (100.00%)
