2019-02-20 19:28:24,887 INFO o.a.j.u.JMeterUtils: Setting Locale to en_EN
2019-02-20 19:28:24,905 INFO o.a.j.JMeter: Loading user properties from: F:\tools\apache-jmeter-5.0\bin\user.properties
2019-02-20 19:28:24,906 INFO o.a.j.JMeter: Loading system properties from: F:\tools\apache-jmeter-5.0\bin\system.properties
2019-02-20 19:28:24,912 INFO o.a.j.JMeter: Copyright (c) 1998-2018 The Apache Software Foundation
2019-02-20 19:28:24,912 INFO o.a.j.JMeter: Version 5.0 r1840935
2019-02-20 19:28:24,912 INFO o.a.j.JMeter: java.version=1.8.0_172
2019-02-20 19:28:24,912 INFO o.a.j.JMeter: java.vm.name=Java HotSpot(TM) 64-Bit Server VM
2019-02-20 19:28:24,913 INFO o.a.j.JMeter: os.name=Windows 7
2019-02-20 19:28:24,913 INFO o.a.j.JMeter: os.arch=amd64
2019-02-20 19:28:24,913 INFO o.a.j.JMeter: os.version=6.1
2019-02-20 19:28:24,913 INFO o.a.j.JMeter: file.encoding=Cp1252
2019-02-20 19:28:24,913 INFO o.a.j.JMeter: Max memory     =1073741824
2019-02-20 19:28:24,913 INFO o.a.j.JMeter: Available Processors =8
2019-02-20 19:28:24,918 INFO o.a.j.JMeter: Default Locale=English (EN)
2019-02-20 19:28:24,919 INFO o.a.j.JMeter: JMeter  Locale=English (EN)
2019-02-20 19:28:24,919 INFO o.a.j.JMeter: JMeterHome=F:\tools\apache-jmeter-5.0
2019-02-20 19:28:24,919 INFO o.a.j.JMeter: user.dir  =F:\tools\Csharp_projects_repos\JMeter\OxfamFestivals
2019-02-20 19:28:24,919 INFO o.a.j.JMeter: PWD       =F:\tools\Csharp_projects_repos\JMeter\OxfamFestivals
2019-02-20 19:28:24,921 INFO o.a.j.JMeter: IP: 169.254.136.157 Name: PC-TALIBR2 FullName: PC-TALIBR2.corp.emc.com
2019-02-20 19:28:24,925 INFO o.a.j.s.FileServer: Default base='F:\tools\Csharp_projects_repos\JMeter\OxfamFestivals'
2019-02-20 19:28:24,931 INFO o.a.j.s.FileServer: Set new base='F:\tools\Csharp_projects_repos\JMeter\OxfamFestivals'
2019-02-20 19:28:25,111 INFO o.a.j.s.SaveService: Testplan (JMX) version: 2.2. Testlog (JTL) version: 2.2
2019-02-20 19:28:25,132 INFO o.a.j.s.SaveService: Using SaveService properties file encoding UTF-8
2019-02-20 19:28:25,138 INFO o.a.j.s.SaveService: Using SaveService properties version 5.0
2019-02-20 19:28:25,146 INFO o.a.j.s.SaveService: Loading file: OxfamFestival_timer_gaussian1.jmx
2019-02-20 19:28:25,208 INFO o.a.j.p.h.s.HTTPSamplerBase: Parser for text/html is org.apache.jmeter.protocol.http.parser.LagartoBasedHtmlParser
2019-02-20 19:28:25,208 INFO o.a.j.p.h.s.HTTPSamplerBase: Parser for application/xhtml+xml is org.apache.jmeter.protocol.http.parser.LagartoBasedHtmlParser
2019-02-20 19:28:25,209 INFO o.a.j.p.h.s.HTTPSamplerBase: Parser for application/xml is org.apache.jmeter.protocol.http.parser.LagartoBasedHtmlParser
2019-02-20 19:28:25,209 INFO o.a.j.p.h.s.HTTPSamplerBase: Parser for text/xml is org.apache.jmeter.protocol.http.parser.LagartoBasedHtmlParser
2019-02-20 19:28:25,209 INFO o.a.j.p.h.s.HTTPSamplerBase: Parser for text/vnd.wap.wml is org.apache.jmeter.protocol.http.parser.RegexpHTMLParser
2019-02-20 19:28:25,209 INFO o.a.j.p.h.s.HTTPSamplerBase: Parser for text/css is org.apache.jmeter.protocol.http.parser.CssParser
2019-02-20 19:28:25,235 INFO o.a.j.JMeter: Creating summariser <summary>
2019-02-20 19:28:25,241 INFO o.a.j.e.StandardJMeterEngine: Running the test!
2019-02-20 19:28:25,242 INFO o.a.j.s.SampleEvent: List of sample_variables: []
2019-02-20 19:28:25,242 INFO o.a.j.s.SampleEvent: List of sample_variables: []
2019-02-20 19:28:25,248 INFO o.a.j.e.u.CompoundVariable: Note: Function class names must contain the string: '.functions.'
2019-02-20 19:28:25,248 INFO o.a.j.e.u.CompoundVariable: Note: Function class names must not contain the string: '.gui.'
2019-02-20 19:28:25,684 INFO o.a.j.JMeter: Running test (1550690905684)
2019-02-20 19:28:25,740 INFO o.a.j.e.StandardJMeterEngine: Starting ThreadGroup: 1 : Thread Group
2019-02-20 19:28:25,740 INFO o.a.j.e.StandardJMeterEngine: Starting 1 threads for group Thread Group.
2019-02-20 19:28:25,740 INFO o.a.j.e.StandardJMeterEngine: Thread will continue on error
2019-02-20 19:28:25,740 INFO o.a.j.t.ThreadGroup: Starting thread group... number=1 threads=1 ramp-up=1 perThread=1000.0 delayedStart=false
2019-02-20 19:28:25,746 INFO o.a.j.t.ThreadGroup: Started thread group number 1
2019-02-20 19:28:25,746 INFO o.a.j.e.StandardJMeterEngine: All thread groups have been started
2019-02-20 19:28:25,752 INFO o.a.j.t.JMeterThread: Thread started: Thread Group 1-1
2019-02-20 19:28:30,786 INFO o.a.j.p.h.s.HTTPHCAbstractImpl: Local host = PC-TALIBR2
2019-02-20 19:28:30,797 INFO o.a.j.p.h.s.HTTPHC4Impl: HTTP request retry count = 0
2019-02-20 19:28:30,799 INFO o.a.j.s.SampleResult: Note: Sample TimeStamps are START times
2019-02-20 19:28:30,800 INFO o.a.j.s.SampleResult: sampleresult.default.encoding is set to ISO-8859-1
2019-02-20 19:28:30,800 INFO o.a.j.s.SampleResult: sampleresult.useNanoTime=true
2019-02-20 19:28:30,800 INFO o.a.j.s.SampleResult: sampleresult.nanoThreadSleep=5000
2019-02-20 19:28:30,905 INFO o.a.j.p.h.s.h.LazyLayeredConnectionSocketFactory: Setting up HTTPS TrustAll Socket Factory
2019-02-20 19:28:30,911 INFO o.a.j.u.JsseSSLManager: Using default SSL protocol: TLS
2019-02-20 19:28:30,912 INFO o.a.j.u.JsseSSLManager: SSL session context: per-thread
2019-02-20 19:28:31,419 INFO o.a.j.u.SSLManager: JmeterKeyStore Location:  type JKS
2019-02-20 19:28:31,420 INFO o.a.j.u.SSLManager: KeyStore created OK
2019-02-20 19:28:31,420 WARN o.a.j.u.SSLManager: Keystore file not found, loading empty keystore
2019-02-20 19:28:32,448 INFO o.a.j.r.Summariser: summary +      1 in 00:00:07 =    0.1/s Avg:  1566 Min:  1566 Max:  1566 Err:     0 (0.00%) Active: 1 Started: 1 Finished: 0
2019-02-20 19:29:01,379 INFO o.a.j.r.Summariser: summary +      5 in 00:00:29 =    0.2/s Avg:   783 Min:   770 Max:   797 Err:     0 (0.00%) Active: 1 Started: 1 Finished: 0
2019-02-20 19:29:01,380 INFO o.a.j.r.Summariser: summary =      6 in 00:00:36 =    0.2/s Avg:   914 Min:   770 Max:  1566 Err:     0 (0.00%)
2019-02-20 19:29:30,319 INFO o.a.j.r.Summariser: summary +      5 in 00:00:29 =    0.2/s Avg:   786 Min:   778 Max:   816 Err:     0 (0.00%) Active: 1 Started: 1 Finished: 0
2019-02-20 19:29:30,319 INFO o.a.j.r.Summariser: summary =     11 in 00:01:05 =    0.2/s Avg:   856 Min:   770 Max:  1566 Err:     0 (0.00%)
2019-02-20 19:30:05,375 INFO o.a.j.r.Summariser: summary +      6 in 00:00:35 =    0.2/s Avg:   840 Min:   777 Max:  1060 Err:     0 (0.00%) Active: 1 Started: 1 Finished: 0
2019-02-20 19:30:05,376 INFO o.a.j.r.Summariser: summary =     17 in 00:01:40 =    0.2/s Avg:   850 Min:   770 Max:  1566 Err:     0 (0.00%)
2019-02-20 19:30:34,339 INFO o.a.j.r.Summariser: summary +      5 in 00:00:29 =    0.2/s Avg:   791 Min:   778 Max:   809 Err:     0 (0.00%) Active: 1 Started: 1 Finished: 0
2019-02-20 19:30:34,339 INFO o.a.j.r.Summariser: summary =     22 in 00:02:09 =    0.2/s Avg:   837 Min:   770 Max:  1566 Err:     0 (0.00%)
2019-02-20 19:31:03,220 INFO o.a.j.r.Summariser: summary +      5 in 00:00:29 =    0.2/s Avg:   775 Min:   765 Max:   786 Err:     0 (0.00%) Active: 1 Started: 1 Finished: 0
2019-02-20 19:31:03,221 INFO o.a.j.r.Summariser: summary =     27 in 00:02:38 =    0.2/s Avg:   825 Min:   765 Max:  1566 Err:     0 (0.00%)
2019-02-20 19:31:32,122 INFO o.a.j.r.Summariser: summary +      5 in 00:00:29 =    0.2/s Avg:   779 Min:   765 Max:   806 Err:     0 (0.00%) Active: 1 Started: 1 Finished: 0
2019-02-20 19:31:32,123 INFO o.a.j.r.Summariser: summary =     32 in 00:03:06 =    0.2/s Avg:   818 Min:   765 Max:  1566 Err:     0 (0.00%)
2019-02-20 19:32:01,039 INFO o.a.j.r.Summariser: summary +      5 in 00:00:29 =    0.2/s Avg:   781 Min:   774 Max:   786 Err:     0 (0.00%) Active: 1 Started: 1 Finished: 0
2019-02-20 19:32:01,039 INFO o.a.j.r.Summariser: summary =     37 in 00:03:35 =    0.2/s Avg:   813 Min:   765 Max:  1566 Err:     0 (0.00%)
2019-02-20 19:32:35,797 INFO o.a.j.r.Summariser: summary +      6 in 00:00:35 =    0.2/s Avg:   791 Min:   779 Max:   836 Err:     0 (0.00%) Active: 1 Started: 1 Finished: 0
2019-02-20 19:32:35,798 INFO o.a.j.r.Summariser: summary =     43 in 00:04:10 =    0.2/s Avg:   810 Min:   765 Max:  1566 Err:     0 (0.00%)
2019-02-20 19:33:04,744 INFO o.a.j.r.Summariser: summary +      5 in 00:00:29 =    0.2/s Avg:   787 Min:   764 Max:   836 Err:     0 (0.00%) Active: 1 Started: 1 Finished: 0
2019-02-20 19:33:04,745 INFO o.a.j.r.Summariser: summary =     48 in 00:04:39 =    0.2/s Avg:   808 Min:   764 Max:  1566 Err:     0 (0.00%)
2019-02-20 19:33:33,657 INFO o.a.j.r.Summariser: summary +      5 in 00:00:29 =    0.2/s Avg:   781 Min:   776 Max:   790 Err:     0 (0.00%) Active: 1 Started: 1 Finished: 0
2019-02-20 19:33:33,657 INFO o.a.j.r.Summariser: summary =     53 in 00:05:08 =    0.2/s Avg:   805 Min:   764 Max:  1566 Err:     0 (0.00%)
2019-02-20 19:34:02,661 INFO o.a.j.r.Summariser: summary +      5 in 00:00:29 =    0.2/s Avg:   799 Min:   777 Max:   859 Err:     0 (0.00%) Active: 1 Started: 1 Finished: 0
2019-02-20 19:34:02,661 INFO o.a.j.r.Summariser: summary =     58 in 00:05:37 =    0.2/s Avg:   804 Min:   764 Max:  1566 Err:     0 (0.00%)
2019-02-20 19:34:31,580 INFO o.a.j.r.Summariser: summary +      5 in 00:00:29 =    0.2/s Avg:   782 Min:   775 Max:   789 Err:     0 (0.00%) Active: 1 Started: 1 Finished: 0
2019-02-20 19:34:31,580 INFO o.a.j.r.Summariser: summary =     63 in 00:06:06 =    0.2/s Avg:   803 Min:   764 Max:  1566 Err:     0 (0.00%)
2019-02-20 19:35:00,504 INFO o.a.j.r.Summariser: summary +      5 in 00:00:29 =    0.2/s Avg:   783 Min:   780 Max:   788 Err:     0 (0.00%) Active: 1 Started: 1 Finished: 0
2019-02-20 19:35:00,504 INFO o.a.j.r.Summariser: summary =     68 in 00:06:35 =    0.2/s Avg:   801 Min:   764 Max:  1566 Err:     0 (0.00%)
2019-02-20 19:35:35,212 INFO o.a.j.r.Summariser: summary +      6 in 00:00:35 =    0.2/s Avg:   783 Min:   772 Max:   798 Err:     0 (0.00%) Active: 1 Started: 1 Finished: 0
2019-02-20 19:35:35,213 INFO o.a.j.r.Summariser: summary =     74 in 00:07:10 =    0.2/s Avg:   800 Min:   764 Max:  1566 Err:     0 (0.00%)
2019-02-20 19:36:04,109 INFO o.a.j.r.Summariser: summary +      5 in 00:00:29 =    0.2/s Avg:   778 Min:   764 Max:   786 Err:     0 (0.00%) Active: 1 Started: 1 Finished: 0
2019-02-20 19:36:04,110 INFO o.a.j.r.Summariser: summary =     79 in 00:07:38 =    0.2/s Avg:   798 Min:   764 Max:  1566 Err:     0 (0.00%)
2019-02-20 19:36:33,078 INFO o.a.j.r.Summariser: summary +      5 in 00:00:29 =    0.2/s Avg:   792 Min:   775 Max:   814 Err:     0 (0.00%) Active: 1 Started: 1 Finished: 0
2019-02-20 19:36:33,078 INFO o.a.j.r.Summariser: summary =     84 in 00:08:07 =    0.2/s Avg:   798 Min:   764 Max:  1566 Err:     0 (0.00%)
2019-02-20 19:37:02,755 INFO o.a.j.r.Summariser: summary +      5 in 00:00:30 =    0.2/s Avg:   933 Min:   784 Max:  1334 Err:     0 (0.00%) Active: 1 Started: 1 Finished: 0
2019-02-20 19:37:02,755 INFO o.a.j.r.Summariser: summary =     89 in 00:08:37 =    0.2/s Avg:   806 Min:   764 Max:  1566 Err:     0 (0.00%)
2019-02-20 19:37:31,754 INFO o.a.j.r.Summariser: summary +      5 in 00:00:29 =    0.2/s Avg:   798 Min:   774 Max:   873 Err:     0 (0.00%) Active: 1 Started: 1 Finished: 0
2019-02-20 19:37:31,754 INFO o.a.j.r.Summariser: summary =     94 in 00:09:06 =    0.2/s Avg:   805 Min:   764 Max:  1566 Err:     0 (0.00%)
2019-02-20 19:38:00,663 INFO o.a.j.r.Summariser: summary +      5 in 00:00:29 =    0.2/s Avg:   780 Min:   772 Max:   801 Err:     0 (0.00%) Active: 1 Started: 1 Finished: 0
2019-02-20 19:38:00,663 INFO o.a.j.r.Summariser: summary =     99 in 00:09:35 =    0.2/s Avg:   804 Min:   764 Max:  1566 Err:     0 (0.00%)
2019-02-20 19:38:06,637 INFO o.a.j.t.JMeterThread: Thread is done: Thread Group 1-1
2019-02-20 19:38:06,637 INFO o.a.j.t.JMeterThread: Thread finished: Thread Group 1-1
2019-02-20 19:38:06,637 INFO o.a.j.e.StandardJMeterEngine: Notifying test listeners of end of test
2019-02-20 19:38:06,638 INFO o.a.j.r.Summariser: summary +      1 in 00:00:06 =    0.2/s Avg:   971 Min:   971 Max:   971 Err:     0 (0.00%) Active: 0 Started: 1 Finished: 1
2019-02-20 19:38:06,638 INFO o.a.j.r.Summariser: summary =    100 in 00:09:41 =    0.2/s Avg:   806 Min:   764 Max:  1566 Err:     0 (0.00%)
